0 info it worked if it ends with ok
1 verbose cli [ 'C:\\Program Files\\nodejs\\node.exe',
1 verbose cli   'C:\\Program Files\\nodejs\\node_modules\\npm\\bin\\npm-cli.js',
1 verbose cli   'rebuild',
1 verbose cli   'node-sass' ]
2 info using npm@3.3.12
3 info using node@v5.4.0
4 info readInstalled object
5 verbose rebuild path, id [ 'C:\\Users\\Emily\\Documents\\GitHub\\website\\node_modules\\node-sass',
5 verbose rebuild   'node-sass@2.0.1' ]
6 silly rebuild set [ 'C:\\Users\\Emily\\Documents\\GitHub\\website\\node_modules\\node-sass' ]
7 info build C:\Users\Emily\Documents\GitHub\website\node_modules\node-sass
8 info lifecycle node-sass@2.0.1~preinstall: node-sass@2.0.1
9 silly lifecycle node-sass@2.0.1~preinstall: no script for preinstall, continuing
10 info linkStuff node-sass@2.0.1
11 silly linkStuff node-sass@2.0.1 has C:\Users\Emily\Documents\GitHub\website\node_modules as its parent node_modules
12 verbose linkBins node-sass@2.0.1
13 verbose link bins [ { 'node-sass': 'bin/node-sass' },
13 verbose link bins   'C:\\Users\\Emily\\Documents\\GitHub\\website\\node_modules\\.bin',
13 verbose link bins   false ]
14 verbose linkMans node-sass@2.0.1
15 verbose rebuildBundles node-sass@2.0.1
16 verbose rebuildBundles [ '.bin',
16 verbose rebuildBundles   'chalk',
16 verbose rebuildBundles   'cross-spawn',
16 verbose rebuildBundles   'get-stdin',
16 verbose rebuildBundles   'mkdirp',
16 verbose rebuildBundles   'npmconf',
16 verbose rebuildBundles   'object-assign',
16 verbose rebuildBundles   'replace-ext',
16 verbose rebuildBundles   'sass-graph',
16 verbose rebuildBundles   'semver',
16 verbose rebuildBundles   'shelljs' ]
17 info lifecycle node-sass@2.0.1~install: node-sass@2.0.1
18 verbose lifecycle node-sass@2.0.1~install: unsafe-perm in lifecycle true
19 verbose lifecycle node-sass@2.0.1~install: PATH: C:\Program Files\nodejs\node_modules\npm\bin\node-gyp-bin;C:\Users\Emily\Documents\GitHub\website\node_modules\node-sass\node_modules\.bin;C:\Users\Emily\Documents\GitHub\website\node_modules\.bin;C:\Users\Emily\AppData\Local\GitHub\PortableGit_c2ba306e536fdf878271f7fe636a147ff37326ad\cmd;C:\Users\Emily\AppData\Local\GitHub\PortableGit_c2ba306e536fdf878271f7fe636a147ff37326ad\bin;C:\Users\Emily\AppData\Local\Apps\2.0\1CC2WLZD.GOY\VRZYWENX.VGT\gith..tion_317444273a93ac29_0002.0008_1a88292d43fa2994;C:\Users\Emily\AppData\Local\GitHub\hawser-amd64_0.4.0;C:\Windows\Microsoft.NET\Framework\v4.0.30319;C:\tools\ruby23\bin;C:\ProgramData\Oracle\Java\javapath;C:\Program Files (x86)\Intel\iCLS Client\;C:\Program Files\Intel\iCLS Client\;C:\Windows\system32;C:\Windows;C:\Windows\System32\Wbem;C:\Windows\System32\WindowsPowerShell\v1.0\;C:\Program Files\Intel\Intel(R) Management Engine Components\DAL;C:\Program Files\Intel\Intel(R) Management Engine Components\IPT;C:\Program Files (x86)\Intel\Intel(R) Management Engine Components\DAL;C:\Program Files (x86)\Intel\Intel(R) Management Engine Components\IPT;C:\Program Files\Hewlett-Packard\SimplePass\;C:\Program Files (x86)\Windows Live\Shared;C:\Program Files (x86)\Git\cmd;C:\Program Files (x86)\Brackets\command;C:\Program Files\nodejs\;C:\ProgramData\chocolatey\bin;C:\Program Files\Microsoft SQL Server\Client SDK\ODBC\130\Tools\Binn\;C:\Program Files (x86)\Microsoft SQL Server\130\Tools\Binn\;C:\Program Files\Microsoft SQL Server\130\Tools\Binn\;C:\Program Files\Microsoft SQL Server\130\DTS\Binn\;C:\Ruby193\bin;C:\Users\Emily\AppData\Roaming\npm
20 verbose lifecycle node-sass@2.0.1~install: CWD: C:\Users\Emily\Documents\GitHub\website\node_modules\node-sass
21 silly lifecycle node-sass@2.0.1~install: Args: [ '/d /s /c', 'node scripts/install.js' ]
22 silly lifecycle node-sass@2.0.1~install: Returned: code: 1  signal: null
23 info lifecycle node-sass@2.0.1~install: Failed to exec install script
24 verbose stack Error: node-sass@2.0.1 install: `node scripts/install.js`
24 verbose stack Exit status 1
24 verbose stack     at EventEmitter.<anonymous> (C:\Program Files\nodejs\node_modules\npm\lib\utils\lifecycle.js:232:16)
24 verbose stack     at emitTwo (events.js:87:13)
24 verbose stack     at EventEmitter.emit (events.js:172:7)
24 verbose stack     at ChildProcess.<anonymous> (C:\Program Files\nodejs\node_modules\npm\lib\utils\spawn.js:24:14)
24 verbose stack     at emitTwo (events.js:87:13)
24 verbose stack     at ChildProcess.emit (events.js:172:7)
24 verbose stack     at maybeClose (internal/child_process.js:821:16)
24 verbose stack     at Process.ChildProcess._handle.onexit (internal/child_process.js:211:5)
25 verbose pkgid node-sass@2.0.1
26 verbose cwd C:\Users\Emily\Documents\GitHub\website
27 error Windows_NT 6.3.9600
28 error argv "C:\\Program Files\\nodejs\\node.exe" "C:\\Program Files\\nodejs\\node_modules\\npm\\bin\\npm-cli.js" "rebuild" "node-sass"
29 error node v5.4.0
30 error npm  v3.3.12
31 error code ELIFECYCLE
32 error node-sass@2.0.1 install: `node scripts/install.js`
32 error Exit status 1
33 error Failed at the node-sass@2.0.1 install script 'node scripts/install.js'.
33 error Make sure you have the latest version of node.js and npm installed.
33 error If you do, this is most likely a problem with the node-sass package,
33 error not with npm itself.
33 error Tell the author that this fails on your system:
33 error     node scripts/install.js
33 error You can get their info via:
33 error     npm owner ls node-sass
33 error There is likely additional logging output above.
34 verbose exit [ 1, true ]
